
> client@0.1.0 start
> craco start

Applying Webpack configuration...
Updated source-map-loader rule with exclude: [ /node_modules\/@signalapp\/libsignal-client/ ]
Webpack configuration applied successfully.
Dev server middlewares set up.
(node:87830) [DEP_WEBPACK_DEV_SERVER_ON_AFTER_SETUP_MIDDLEWARE] DeprecationWarning: 'onAfterSetupMiddleware' option is deprecated. Please use the 'setupMiddlewares' option.
(Use `node --trace-deprecation ...` to show where the warning was created)
(node:87830) [DEP_WEBPACK_DEV_SERVER_ON_BEFORE_SETUP_MIDDLEWARE] DeprecationWarning: 'onBeforeSetupMiddleware' option is deprecated. Please use the 'setupMiddlewares' option.
Starting the development server...

Compiled successfully!

You can now view client in the browser.

  Local:            http://localhost:3000
  On Your Network:  http://192.168.31.185:3000

Note that the development build is not optimized.
To create a production build, use npm run build.

webpack compiled successfully
Files successfully emitted, waiting for typecheck results...
Issues checking in progress...
No issues found.
Compiling...
Failed to compile.

SyntaxError: /home/john/vscode_projects/messenger/client/src/App.tsx: Expected corresponding JSX closing tag for <h5>. (302:12)
  300 |             <h5 className="m-0" style={{ cursor: 'pointer' }} onClick={() => setIsMenuOpen(!isMenuOpen)}>
  301 |               MSNGR ({userEmail})
> 302 |             </h4>
      |             ^
  303 |             {isMenuOpen && (
  304 |               <div
  305 |                 style={{
ERROR in ./src/App.tsx
Module build failed (from ./node_modules/babel-loader/lib/index.js):
SyntaxError: /home/john/vscode_projects/messenger/client/src/App.tsx: Expected corresponding JSX closing tag for <h5>. (302:12)

  300 |             <h5 className="m-0" style={{ cursor: 'pointer' }} onClick={() => setIsMenuOpen(!isMenuOpen)}>
  301 |               MSNGR ({userEmail})
> 302 |             </h4>
      |             ^
  303 |             {isMenuOpen && (
  304 |               <div
  305 |                 style={{
    at constructor (/home/john/vscode_projects/messenger/client/node_modules/@babel/parser/lib/index.js:360:19)
    at TypeScriptParserMixin.raise (/home/john/vscode_projects/messenger/client/node_modules/@babel/parser/lib/index.js:3327:19)
    at TypeScriptParserMixin.jsxParseElementAt (/home/john/vscode_projects/messenger/client/node_modules/@babel/parser/lib/index.js:6900:16)
    at TypeScriptParserMixin.jsxParseElementAt (/home/john/vscode_projects/messenger/client/node_modules/@babel/parser/lib/index.js:6871:32)
    at TypeScriptParserMixin.jsxParseElementAt (/home/john/vscode_projects/messenger/client/node_modules/@babel/parser/lib/index.js:6871:32)
    at TypeScriptParserMixin.jsxParseElementAt (/home/john/vscode_projects/messenger/client/node_modules/@babel/parser/lib/index.js:6871:32)
    at TypeScriptParserMixin.jsxParseElementAt (/home/john/vscode_projects/messenger/client/node_modules/@babel/parser/lib/index.js:6871:32)
    at TypeScriptParserMixin.jsxParseElement (/home/john/vscode_projects/messenger/client/node_modules/@babel/parser/lib/index.js:6922:17)
    at TypeScriptParserMixin.parseExprAtom (/home/john/vscode_projects/messenger/client/node_modules/@babel/parser/lib/index.js:6932:19)
    at TypeScriptParserMixin.parseExprSubscripts (/home/john/vscode_projects/messenger/client/node_modules/@babel/parser/lib/index.js:10758:23)
    at TypeScriptParserMixin.parseUpdate (/home/john/vscode_projects/messenger/client/node_modules/@babel/parser/lib/index.js:10743:21)
    at TypeScriptParserMixin.parseMaybeUnary (/home/john/vscode_projects/messenger/client/node_modules/@babel/parser/lib/index.js:10723:23)
    at TypeScriptParserMixin.parseMaybeUnary (/home/john/vscode_projects/messenger/client/node_modules/@babel/parser/lib/index.js:9672:18)
    at TypeScriptParserMixin.parseMaybeUnaryOrPrivate (/home/john/vscode_projects/messenger/client/node_modules/@babel/parser/lib/index.js:10576:61)
    at TypeScriptParserMixin.parseExprOps (/home/john/vscode_projects/messenger/client/node_modules/@babel/parser/lib/index.js:10581:23)
    at TypeScriptParserMixin.parseMaybeConditional (/home/john/vscode_projects/messenger/client/node_modules/@babel/parser/lib/index.js:10558:23)
    at TypeScriptParserMixin.parseMaybeAssign (/home/john/vscode_projects/messenger/client/node_modules/@babel/parser/lib/index.js:10521:21)
    at /home/john/vscode_projects/messenger/client/node_modules/@babel/parser/lib/index.js:9610:39
    at TypeScriptParserMixin.tryParse (/home/john/vscode_projects/messenger/client/node_modules/@babel/parser/lib/index.js:3665:20)
    at TypeScriptParserMixin.parseMaybeAssign (/home/john/vscode_projects/messenger/client/node_modules/@babel/parser/lib/index.js:9610:18)
    at /home/john/vscode_projects/messenger/client/node_modules/@babel/parser/lib/index.js:10491:39
    at TypeScriptParserMixin.allowInAnd (/home/john/vscode_projects/messenger/client/node_modules/@babel/parser/lib/index.js:12100:12)
    at TypeScriptParserMixin.parseMaybeAssignAllowIn (/home/john/vscode_projects/messenger/client/node_modules/@babel/parser/lib/index.js:10491:17)
    at TypeScriptParserMixin.parseParenAndDistinguishExpression (/home/john/vscode_projects/messenger/client/node_modules/@babel/parser/lib/index.js:11359:28)
    at TypeScriptParserMixin.parseExprAtom (/home/john/vscode_projects/messenger/client/node_modules/@babel/parser/lib/index.js:11006:23)
    at TypeScriptParserMixin.parseExprAtom (/home/john/vscode_projects/messenger/client/node_modules/@babel/parser/lib/index.js:6937:20)
    at TypeScriptParserMixin.parseExprSubscripts (/home/john/vscode_projects/messenger/client/node_modules/@babel/parser/lib/index.js:10758:23)
    at TypeScriptParserMixin.parseUpdate (/home/john/vscode_projects/messenger/client/node_modules/@babel/parser/lib/index.js:10743:21)
    at TypeScriptParserMixin.parseMaybeUnary (/home/john/vscode_projects/messenger/client/node_modules/@babel/parser/lib/index.js:10723:23)
    at TypeScriptParserMixin.parseMaybeUnary (/home/john/vscode_projects/messenger/client/node_modules/@babel/parser/lib/index.js:9672:18)
    at TypeScriptParserMixin.parseMaybeUnaryOrPrivate (/home/john/vscode_projects/messenger/client/node_modules/@babel/parser/lib/index.js:10576:61)
    at TypeScriptParserMixin.parseExprOps (/home/john/vscode_projects/messenger/client/node_modules/@babel/parser/lib/index.js:10581:23)
    at TypeScriptParserMixin.parseMaybeConditional (/home/john/vscode_projects/messenger/client/node_modules/@babel/parser/lib/index.js:10558:23)
    at TypeScriptParserMixin.parseMaybeAssign (/home/john/vscode_projects/messenger/client/node_modules/@babel/parser/lib/index.js:10521:21)
    at TypeScriptParserMixin.parseMaybeAssign (/home/john/vscode_projects/messenger/client/node_modules/@babel/parser/lib/index.js:9621:20)
    at TypeScriptParserMixin.parseExpressionBase (/home/john/vscode_projects/messenger/client/node_modules/@babel/parser/lib/index.js:10475:23)
    at /home/john/vscode_projects/messenger/client/node_modules/@babel/parser/lib/index.js:10471:39
    at TypeScriptParserMixin.allowInAnd (/home/john/vscode_projects/messenger/client/node_modules/@babel/parser/lib/index.js:12095:16)
    at TypeScriptParserMixin.parseExpression (/home/john/vscode_projects/messenger/client/node_modules/@babel/parser/lib/index.js:10471:17)
    at TypeScriptParserMixin.parseReturnStatement (/home/john/vscode_projects/messenger/client/node_modules/@babel/parser/lib/index.js:12786:28)
    at TypeScriptParserMixin.parseStatementContent (/home/john/vscode_projects/messenger/client/node_modules/@babel/parser/lib/index.js:12437:21)
    at TypeScriptParserMixin.parseStatementContent (/home/john/vscode_projects/messenger/client/node_modules/@babel/parser/lib/index.js:9344:18)
    at TypeScriptParserMixin.parseStatementLike (/home/john/vscode_projects/messenger/client/node_modules/@babel/parser/lib/index.js:12406:17)
    at TypeScriptParserMixin.parseStatementListItem (/home/john/vscode_projects/messenger/client/node_modules/@babel/parser/lib/index.js:12386:17)
    at TypeScriptParserMixin.parseBlockOrModuleBlockBody (/home/john/vscode_projects/messenger/client/node_modules/@babel/parser/lib/index.js:12960:61)
    at TypeScriptParserMixin.parseBlockBody (/home/john/vscode_projects/messenger/client/node_modules/@babel/parser/lib/index.js:12953:10)
    at TypeScriptParserMixin.parseBlock (/home/john/vscode_projects/messenger/client/node_modules/@babel/parser/lib/index.js:12941:10)
    at TypeScriptParserMixin.parseFunctionBody (/home/john/vscode_projects/messenger/client/node_modules/@babel/parser/lib/index.js:11783:24)
    at TypeScriptParserMixin.parseArrowExpression (/home/john/vscode_projects/messenger/client/node_modules/@babel/parser/lib/index.js:11758:10)
    at TypeScriptParserMixin.parseParenAndDistinguishExpression (/home/john/vscode_projects/messenger/client/node_modules/@babel/parser/lib/index.js:11371:12)

webpack compiled with 1 error
Compiling...
ERROR in src/App.tsx:302:15
TS17002: Expected corresponding JSX closing tag for 'h5'.
    300 |             <h5 className="m-0" style={{ cursor: 'pointer' }} onClick={() => setIsMenuOpen(!isMenuOpen)}>
    301 |               MSNGR ({userEmail})
  > 302 |             </h5>
        |               ^^
    303 |             {isMenuOpen && (
    304 |               <div
    305 |                 style={{

Compiled successfully!
webpack compiled successfully
No issues found.
Compiling...
Compiled successfully!
webpack compiled successfully
Compiling...
No issues found.
Failed to compile.

[eslint] 
src/App.tsx
Syntax error: Expression expected (297:8)
ERROR in ./src/App.tsx
Module build failed (from ./node_modules/babel-loader/lib/index.js):
SyntaxError: /home/john/vscode_projects/messenger/client/src/App.tsx: Unexpected token (297:8)

  295 |           zIndex: 20,
  296 |           height:
> 297 |         }}
      |         ^
  298 |       >
  299 |         <div className="d-flex justify-content-between align-items-center">
  300 |           <div style={{ position: 'relative' }}>
    at constructor (/home/john/vscode_projects/messenger/client/node_modules/@babel/parser/lib/index.js:360:19)
    at TypeScriptParserMixin.raise (/home/john/vscode_projects/messenger/client/node_modules/@babel/parser/lib/index.js:3327:19)
    at TypeScriptParserMixin.unexpected (/home/john/vscode_projects/messenger/client/node_modules/@babel/parser/lib/index.js:3347:16)
    at TypeScriptParserMixin.parseExprAtom (/home/john/vscode_projects/messenger/client/node_modules/@babel/parser/lib/index.js:11126:16)
    at TypeScriptParserMixin.parseExprAtom (/home/john/vscode_projects/messenger/client/node_modules/@babel/parser/lib/index.js:6937:20)
    at TypeScriptParserMixin.parseExprSubscripts (/home/john/vscode_projects/messenger/client/node_modules/@babel/parser/lib/index.js:10758:23)
    at TypeScriptParserMixin.parseUpdate (/home/john/vscode_projects/messenger/client/node_modules/@babel/parser/lib/index.js:10743:21)
    at TypeScriptParserMixin.parseMaybeUnary (/home/john/vscode_projects/messenger/client/node_modules/@babel/parser/lib/index.js:10723:23)
    at TypeScriptParserMixin.parseMaybeUnary (/home/john/vscode_projects/messenger/client/node_modules/@babel/parser/lib/index.js:9672:18)
    at TypeScriptParserMixin.parseMaybeUnaryOrPrivate (/home/john/vscode_projects/messenger/client/node_modules/@babel/parser/lib/index.js:10576:61)
    at TypeScriptParserMixin.parseExprOps (/home/john/vscode_projects/messenger/client/node_modules/@babel/parser/lib/index.js:10581:23)
    at TypeScriptParserMixin.parseMaybeConditional (/home/john/vscode_projects/messenger/client/node_modules/@babel/parser/lib/index.js:10558:23)
    at TypeScriptParserMixin.parseMaybeAssign (/home/john/vscode_projects/messenger/client/node_modules/@babel/parser/lib/index.js:10521:21)
    at TypeScriptParserMixin.parseMaybeAssign (/home/john/vscode_projects/messenger/client/node_modules/@babel/parser/lib/index.js:9621:20)
    at /home/john/vscode_projects/messenger/client/node_modules/@babel/parser/lib/index.js:10491:39
    at TypeScriptParserMixin.allowInAnd (/home/john/vscode_projects/messenger/client/node_modules/@babel/parser/lib/index.js:12100:12)
    at TypeScriptParserMixin.parseMaybeAssignAllowIn (/home/john/vscode_projects/messenger/client/node_modules/@babel/parser/lib/index.js:10491:17)
    at TypeScriptParserMixin.parseObjectProperty (/home/john/vscode_projects/messenger/client/node_modules/@babel/parser/lib/index.js:11636:83)
    at TypeScriptParserMixin.parseObjPropValue (/home/john/vscode_projects/messenger/client/node_modules/@babel/parser/lib/index.js:11661:100)
    at TypeScriptParserMixin.parseObjPropValue (/home/john/vscode_projects/messenger/client/node_modules/@babel/parser/lib/index.js:9579:18)
    at TypeScriptParserMixin.parsePropertyDefinition (/home/john/vscode_projects/messenger/client/node_modules/@babel/parser/lib/index.js:11601:17)
    at TypeScriptParserMixin.parseObjectLike (/home/john/vscode_projects/messenger/client/node_modules/@babel/parser/lib/index.js:11516:21)
    at TypeScriptParserMixin.parseExprAtom (/home/john/vscode_projects/messenger/client/node_modules/@babel/parser/lib/index.js:11024:23)
    at TypeScriptParserMixin.parseExprAtom (/home/john/vscode_projects/messenger/client/node_modules/@babel/parser/lib/index.js:6937:20)
    at TypeScriptParserMixin.parseExprSubscripts (/home/john/vscode_projects/messenger/client/node_modules/@babel/parser/lib/index.js:10758:23)
    at TypeScriptParserMixin.parseUpdate (/home/john/vscode_projects/messenger/client/node_modules/@babel/parser/lib/index.js:10743:21)
    at TypeScriptParserMixin.parseMaybeUnary (/home/john/vscode_projects/messenger/client/node_modules/@babel/parser/lib/index.js:10723:23)
    at TypeScriptParserMixin.parseMaybeUnary (/home/john/vscode_projects/messenger/client/node_modules/@babel/parser/lib/index.js:9672:18)
    at TypeScriptParserMixin.parseMaybeUnaryOrPrivate (/home/john/vscode_projects/messenger/client/node_modules/@babel/parser/lib/index.js:10576:61)
    at TypeScriptParserMixin.parseExprOps (/home/john/vscode_projects/messenger/client/node_modules/@babel/parser/lib/index.js:10581:23)
    at TypeScriptParserMixin.parseMaybeConditional (/home/john/vscode_projects/messenger/client/node_modules/@babel/parser/lib/index.js:10558:23)
    at TypeScriptParserMixin.parseMaybeAssign (/home/john/vscode_projects/messenger/client/node_modules/@babel/parser/lib/index.js:10521:21)
    at TypeScriptParserMixin.parseMaybeAssign (/home/john/vscode_projects/messenger/client/node_modules/@babel/parser/lib/index.js:9621:20)
    at TypeScriptParserMixin.parseExpressionBase (/home/john/vscode_projects/messenger/client/node_modules/@babel/parser/lib/index.js:10475:23)
    at /home/john/vscode_projects/messenger/client/node_modules/@babel/parser/lib/index.js:10471:39
    at TypeScriptParserMixin.allowInAnd (/home/john/vscode_projects/messenger/client/node_modules/@babel/parser/lib/index.js:12100:12)
    at TypeScriptParserMixin.parseExpression (/home/john/vscode_projects/messenger/client/node_modules/@babel/parser/lib/index.js:10471:17)
    at TypeScriptParserMixin.jsxParseExpressionContainer (/home/john/vscode_projects/messenger/client/node_modules/@babel/parser/lib/index.js:6805:31)
    at TypeScriptParserMixin.jsxParseAttributeValue (/home/john/vscode_projects/messenger/client/node_modules/@babel/parser/lib/index.js:6777:21)
    at TypeScriptParserMixin.jsxParseAttribute (/home/john/vscode_projects/messenger/client/node_modules/@babel/parser/lib/index.js:6826:38)
    at TypeScriptParserMixin.jsxParseOpeningElementAfterName (/home/john/vscode_projects/messenger/client/node_modules/@babel/parser/lib/index.js:6840:28)
    at TypeScriptParserMixin.jsxParseOpeningElementAfterName (/home/john/vscode_projects/messenger/client/node_modules/@babel/parser/lib/index.js:9885:18)
    at TypeScriptParserMixin.jsxParseOpeningElementAt (/home/john/vscode_projects/messenger/client/node_modules/@babel/parser/lib/index.js:6835:17)
    at TypeScriptParserMixin.jsxParseElementAt (/home/john/vscode_projects/messenger/client/node_modules/@babel/parser/lib/index.js:6859:33)
    at TypeScriptParserMixin.jsxParseElementAt (/home/john/vscode_projects/messenger/client/node_modules/@babel/parser/lib/index.js:6871:32)
    at TypeScriptParserMixin.jsxParseElement (/home/john/vscode_projects/messenger/client/node_modules/@babel/parser/lib/index.js:6922:17)
    at TypeScriptParserMixin.parseExprAtom (/home/john/vscode_projects/messenger/client/node_modules/@babel/parser/lib/index.js:6932:19)
    at TypeScriptParserMixin.parseExprSubscripts (/home/john/vscode_projects/messenger/client/node_modules/@babel/parser/lib/index.js:10758:23)
    at TypeScriptParserMixin.parseUpdate (/home/john/vscode_projects/messenger/client/node_modules/@babel/parser/lib/index.js:10743:21)
    at TypeScriptParserMixin.parseMaybeUnary (/home/john/vscode_projects/messenger/client/node_modules/@babel/parser/lib/index.js:10723:23)

ERROR in [eslint] 
src/App.tsx
  Line 297:8:  Parsing error: Expression expected

webpack compiled with 2 errors
Files successfully emitted, waiting for typecheck results...
Issues checking in progress...
ERROR in src/App.tsx:297:9
TS1109: Expression expected.
    295 |           zIndex: 20,
    296 |           height:
  > 297 |         }}
        |         ^
    298 |       >
    299 |         <div className="d-flex justify-content-between align-items-center">
    300 |           <div style={{ position: 'relative' }}>

Compiling...
Compiled successfully!
webpack compiled successfully
Compiling...
No issues found.
Compiled successfully!
webpack compiled successfully
Compiling...
No issues found.
Compiled successfully!
webpack compiled successfully
No issues found.
Compiling...
Compiled successfully!
webpack compiled successfully
No issues found.
Compiling...
Compiled successfully!
webpack compiled successfully
Compiling...
No issues found.
Compiled successfully!
webpack compiled successfully
Files successfully emitted, waiting for typecheck results...
Issues checking in progress...
No issues found.
Compiling...
Compiled successfully!
webpack compiled successfully
No issues found.
Compiling...
Compiled successfully!
webpack compiled successfully
No issues found.
Compiling...
Compiled successfully!
webpack compiled successfully
No issues found.
Compiling...
Compiled successfully!
webpack compiled successfully
No issues found.
Compiling...
Compiled successfully!
webpack compiled successfully
Compiling...
No issues found.
Compiled successfully!
webpack compiled successfully
No issues found.
Compiling...
Compiled successfully!
webpack compiled successfully
Compiling...
No issues found.
Failed to compile.

[eslint] 
src/App.tsx
Syntax error: ',' expected (352:16)
ERROR in [eslint] 
src/App.tsx
  Line 352:16:  Parsing error: ',' expected

webpack compiled with 1 error
Compiling...
No issues found.
Failed to compile.

[eslint] 
src/App.tsx
Syntax error: ',' expected (352:16)
ERROR in ./src/App.tsx
Module build failed (from ./node_modules/babel-loader/lib/index.js):
SyntaxError: /home/john/vscode_projects/messenger/client/src/App.tsx: Unexpected token, expected "," (352:16)

  350 |               style={{ 
  351 |                 justify
> 352 |                 width: '32px', 
      |                 ^
  353 |                 height: '32px', 
  354 |                 background: isDarkTheme ? '#6c757d' : '#e9ecef',
  355 |                 color: isDarkTheme ? '#fff' : '#212529'
    at constructor (/home/john/vscode_projects/messenger/client/node_modules/@babel/parser/lib/index.js:360:19)
    at TypeScriptParserMixin.raise (/home/john/vscode_projects/messenger/client/node_modules/@babel/parser/lib/index.js:3327:19)
    at TypeScriptParserMixin.unexpected (/home/john/vscode_projects/messenger/client/node_modules/@babel/parser/lib/index.js:3347:16)
    at TypeScriptParserMixin.expect (/home/john/vscode_projects/messenger/client/node_modules/@babel/parser/lib/index.js:3657:12)
    at TypeScriptParserMixin.parseObjectLike (/home/john/vscode_projects/messenger/client/node_modules/@babel/parser/lib/index.js:11506:14)
    at TypeScriptParserMixin.parseExprAtom (/home/john/vscode_projects/messenger/client/node_modules/@babel/parser/lib/index.js:11024:23)
    at TypeScriptParserMixin.parseExprAtom (/home/john/vscode_projects/messenger/client/node_modules/@babel/parser/lib/index.js:6937:20)
    at TypeScriptParserMixin.parseExprSubscripts (/home/john/vscode_projects/messenger/client/node_modules/@babel/parser/lib/index.js:10758:23)
    at TypeScriptParserMixin.parseUpdate (/home/john/vscode_projects/messenger/client/node_modules/@babel/parser/lib/index.js:10743:21)
    at TypeScriptParserMixin.parseMaybeUnary (/home/john/vscode_projects/messenger/client/node_modules/@babel/parser/lib/index.js:10723:23)
    at TypeScriptParserMixin.parseMaybeUnary (/home/john/vscode_projects/messenger/client/node_modules/@babel/parser/lib/index.js:9672:18)
    at TypeScriptParserMixin.parseMaybeUnaryOrPrivate (/home/john/vscode_projects/messenger/client/node_modules/@babel/parser/lib/index.js:10576:61)
    at TypeScriptParserMixin.parseExprOps (/home/john/vscode_projects/messenger/client/node_modules/@babel/parser/lib/index.js:10581:23)
    at TypeScriptParserMixin.parseMaybeConditional (/home/john/vscode_projects/messenger/client/node_modules/@babel/parser/lib/index.js:10558:23)
    at TypeScriptParserMixin.parseMaybeAssign (/home/john/vscode_projects/messenger/client/node_modules/@babel/parser/lib/index.js:10521:21)
    at TypeScriptParserMixin.parseMaybeAssign (/home/john/vscode_projects/messenger/client/node_modules/@babel/parser/lib/index.js:9621:20)
    at TypeScriptParserMixin.parseExpressionBase (/home/john/vscode_projects/messenger/client/node_modules/@babel/parser/lib/index.js:10475:23)
    at /home/john/vscode_projects/messenger/client/node_modules/@babel/parser/lib/index.js:10471:39
    at TypeScriptParserMixin.allowInAnd (/home/john/vscode_projects/messenger/client/node_modules/@babel/parser/lib/index.js:12100:12)
    at TypeScriptParserMixin.parseExpression (/home/john/vscode_projects/messenger/client/node_modules/@babel/parser/lib/index.js:10471:17)
    at TypeScriptParserMixin.jsxParseExpressionContainer (/home/john/vscode_projects/messenger/client/node_modules/@babel/parser/lib/index.js:6805:31)
    at TypeScriptParserMixin.jsxParseAttributeValue (/home/john/vscode_projects/messenger/client/node_modules/@babel/parser/lib/index.js:6777:21)
    at TypeScriptParserMixin.jsxParseAttribute (/home/john/vscode_projects/messenger/client/node_modules/@babel/parser/lib/index.js:6826:38)
    at TypeScriptParserMixin.jsxParseOpeningElementAfterName (/home/john/vscode_projects/messenger/client/node_modules/@babel/parser/lib/index.js:6840:28)
    at TypeScriptParserMixin.jsxParseOpeningElementAfterName (/home/john/vscode_projects/messenger/client/node_modules/@babel/parser/lib/index.js:9885:18)
    at TypeScriptParserMixin.jsxParseOpeningElementAt (/home/john/vscode_projects/messenger/client/node_modules/@babel/parser/lib/index.js:6835:17)
    at TypeScriptParserMixin.jsxParseElementAt (/home/john/vscode_projects/messenger/client/node_modules/@babel/parser/lib/index.js:6859:33)
    at TypeScriptParserMixin.jsxParseElementAt (/home/john/vscode_projects/messenger/client/node_modules/@babel/parser/lib/index.js:6871:32)
    at TypeScriptParserMixin.jsxParseElement (/home/john/vscode_projects/messenger/client/node_modules/@babel/parser/lib/index.js:6922:17)
    at TypeScriptParserMixin.parseExprAtom (/home/john/vscode_projects/messenger/client/node_modules/@babel/parser/lib/index.js:6932:19)
    at TypeScriptParserMixin.parseExprSubscripts (/home/john/vscode_projects/messenger/client/node_modules/@babel/parser/lib/index.js:10758:23)
    at TypeScriptParserMixin.parseUpdate (/home/john/vscode_projects/messenger/client/node_modules/@babel/parser/lib/index.js:10743:21)
    at TypeScriptParserMixin.parseMaybeUnary (/home/john/vscode_projects/messenger/client/node_modules/@babel/parser/lib/index.js:10723:23)
    at TypeScriptParserMixin.parseMaybeUnary (/home/john/vscode_projects/messenger/client/node_modules/@babel/parser/lib/index.js:9672:18)
    at TypeScriptParserMixin.parseMaybeUnaryOrPrivate (/home/john/vscode_projects/messenger/client/node_modules/@babel/parser/lib/index.js:10576:61)
    at TypeScriptParserMixin.parseExprOps (/home/john/vscode_projects/messenger/client/node_modules/@babel/parser/lib/index.js:10581:23)
    at TypeScriptParserMixin.parseMaybeConditional (/home/john/vscode_projects/messenger/client/node_modules/@babel/parser/lib/index.js:10558:23)
    at TypeScriptParserMixin.parseMaybeAssign (/home/john/vscode_projects/messenger/client/node_modules/@babel/parser/lib/index.js:10521:21)
    at /home/john/vscode_projects/messenger/client/node_modules/@babel/parser/lib/index.js:9610:39
    at TypeScriptParserMixin.tryParse (/home/john/vscode_projects/messenger/client/node_modules/@babel/parser/lib/index.js:3665:20)
    at TypeScriptParserMixin.parseMaybeAssign (/home/john/vscode_projects/messenger/client/node_modules/@babel/parser/lib/index.js:9610:18)
    at /home/john/vscode_projects/messenger/client/node_modules/@babel/parser/lib/index.js:10491:39
    at TypeScriptParserMixin.allowInAnd (/home/john/vscode_projects/messenger/client/node_modules/@babel/parser/lib/index.js:12100:12)
    at TypeScriptParserMixin.parseMaybeAssignAllowIn (/home/john/vscode_projects/messenger/client/node_modules/@babel/parser/lib/index.js:10491:17)
    at TypeScriptParserMixin.parseParenAndDistinguishExpression (/home/john/vscode_projects/messenger/client/node_modules/@babel/parser/lib/index.js:11359:28)
    at TypeScriptParserMixin.parseExprAtom (/home/john/vscode_projects/messenger/client/node_modules/@babel/parser/lib/index.js:11006:23)
    at TypeScriptParserMixin.parseExprAtom (/home/john/vscode_projects/messenger/client/node_modules/@babel/parser/lib/index.js:6937:20)
    at TypeScriptParserMixin.parseExprSubscripts (/home/john/vscode_projects/messenger/client/node_modules/@babel/parser/lib/index.js:10758:23)
    at TypeScriptParserMixin.parseUpdate (/home/john/vscode_projects/messenger/client/node_modules/@babel/parser/lib/index.js:10743:21)
    at TypeScriptParserMixin.parseMaybeUnary (/home/john/vscode_projects/messenger/client/node_modules/@babel/parser/lib/index.js:10723:23)

ERROR in [eslint] 
src/App.tsx
  Line 352:16:  Parsing error: ',' expected

webpack compiled with 2 errors
Files successfully emitted, waiting for typecheck results...
Issues checking in progress...
ERROR in src/App.tsx:351:17
TS18004: No value exists in scope for the shorthand property 'justify'. Either declare one or provide an initializer.
    349 |               className="rounded-circle me-2 d-flex align-items-center justify-content-center"
    350 |               style={{ 
  > 351 |                 justify
        |                 ^^^^^^^
    352 |                 width: '32px', 
    353 |                 height: '32px', 
    354 |                 background: isDarkTheme ? '#6c757d' : '#e9ecef',

ERROR in src/App.tsx:351:17
TS2322: Type '{ justify: any; width: string; height: string; background: string; color: "#fff" | "#212529"; }' is not assignable to type 'Properties<string | number, string & {}>'.
  Object literal may only specify known properties, and 'justify' does not exist in type 'Properties<string | number, string & {}>'.
    349 |               className="rounded-circle me-2 d-flex align-items-center justify-content-center"
    350 |               style={{ 
  > 351 |                 justify
        |                 ^^^^^^^
    352 |                 width: '32px', 
    353 |                 height: '32px', 
    354 |                 background: isDarkTheme ? '#6c757d' : '#e9ecef',

ERROR in src/App.tsx:352:17
TS1005: ',' expected.
    350 |               style={{ 
    351 |                 justify
  > 352 |                 width: '32px', 
        |                 ^^^^^
    353 |                 height: '32px', 
    354 |                 background: isDarkTheme ? '#6c757d' : '#e9ecef',
    355 |                 color: isDarkTheme ? '#fff' : '#212529'

Compiling...
Failed to compile.

[eslint] 
src/App.tsx
Syntax error: ',' expected (352:21)
ERROR in ./src/App.tsx
Module build failed (from ./node_modules/babel-loader/lib/index.js):
SyntaxError: /home/john/vscode_projects/messenger/client/src/App.tsx: Unexpected token, expected "," (352:21)

  350 |               style={{ 
  351 |                 justifyContent:
> 352 |                 width: '32px', 
      |                      ^
  353 |                 height: '32px', 
  354 |                 background: isDarkTheme ? '#6c757d' : '#e9ecef',
  355 |                 color: isDarkTheme ? '#fff' : '#212529'
    at constructor (/home/john/vscode_projects/messenger/client/node_modules/@babel/parser/lib/index.js:360:19)
    at TypeScriptParserMixin.raise (/home/john/vscode_projects/messenger/client/node_modules/@babel/parser/lib/index.js:3327:19)
    at TypeScriptParserMixin.unexpected (/home/john/vscode_projects/messenger/client/node_modules/@babel/parser/lib/index.js:3347:16)
    at TypeScriptParserMixin.expect (/home/john/vscode_projects/messenger/client/node_modules/@babel/parser/lib/index.js:3657:12)
    at TypeScriptParserMixin.parseObjectLike (/home/john/vscode_projects/messenger/client/node_modules/@babel/parser/lib/index.js:11506:14)
    at TypeScriptParserMixin.parseExprAtom (/home/john/vscode_projects/messenger/client/node_modules/@babel/parser/lib/index.js:11024:23)
    at TypeScriptParserMixin.parseExprAtom (/home/john/vscode_projects/messenger/client/node_modules/@babel/parser/lib/index.js:6937:20)
    at TypeScriptParserMixin.parseExprSubscripts (/home/john/vscode_projects/messenger/client/node_modules/@babel/parser/lib/index.js:10758:23)
    at TypeScriptParserMixin.parseUpdate (/home/john/vscode_projects/messenger/client/node_modules/@babel/parser/lib/index.js:10743:21)
    at TypeScriptParserMixin.parseMaybeUnary (/home/john/vscode_projects/messenger/client/node_modules/@babel/parser/lib/index.js:10723:23)
    at TypeScriptParserMixin.parseMaybeUnary (/home/john/vscode_projects/messenger/client/node_modules/@babel/parser/lib/index.js:9672:18)
    at TypeScriptParserMixin.parseMaybeUnaryOrPrivate (/home/john/vscode_projects/messenger/client/node_modules/@babel/parser/lib/index.js:10576:61)
    at TypeScriptParserMixin.parseExprOps (/home/john/vscode_projects/messenger/client/node_modules/@babel/parser/lib/index.js:10581:23)
    at TypeScriptParserMixin.parseMaybeConditional (/home/john/vscode_projects/messenger/client/node_modules/@babel/parser/lib/index.js:10558:23)
    at TypeScriptParserMixin.parseMaybeAssign (/home/john/vscode_projects/messenger/client/node_modules/@babel/parser/lib/index.js:10521:21)
    at TypeScriptParserMixin.parseMaybeAssign (/home/john/vscode_projects/messenger/client/node_modules/@babel/parser/lib/index.js:9621:20)
    at TypeScriptParserMixin.parseExpressionBase (/home/john/vscode_projects/messenger/client/node_modules/@babel/parser/lib/index.js:10475:23)
    at /home/john/vscode_projects/messenger/client/node_modules/@babel/parser/lib/index.js:10471:39
    at TypeScriptParserMixin.allowInAnd (/home/john/vscode_projects/messenger/client/node_modules/@babel/parser/lib/index.js:12100:12)
    at TypeScriptParserMixin.parseExpression (/home/john/vscode_projects/messenger/client/node_modules/@babel/parser/lib/index.js:10471:17)
    at TypeScriptParserMixin.jsxParseExpressionContainer (/home/john/vscode_projects/messenger/client/node_modules/@babel/parser/lib/index.js:6805:31)
    at TypeScriptParserMixin.jsxParseAttributeValue (/home/john/vscode_projects/messenger/client/node_modules/@babel/parser/lib/index.js:6777:21)
    at TypeScriptParserMixin.jsxParseAttribute (/home/john/vscode_projects/messenger/client/node_modules/@babel/parser/lib/index.js:6826:38)
    at TypeScriptParserMixin.jsxParseOpeningElementAfterName (/home/john/vscode_projects/messenger/client/node_modules/@babel/parser/lib/index.js:6840:28)
    at TypeScriptParserMixin.jsxParseOpeningElementAfterName (/home/john/vscode_projects/messenger/client/node_modules/@babel/parser/lib/index.js:9885:18)
    at TypeScriptParserMixin.jsxParseOpeningElementAt (/home/john/vscode_projects/messenger/client/node_modules/@babel/parser/lib/index.js:6835:17)
    at TypeScriptParserMixin.jsxParseElementAt (/home/john/vscode_projects/messenger/client/node_modules/@babel/parser/lib/index.js:6859:33)
    at TypeScriptParserMixin.jsxParseElementAt (/home/john/vscode_projects/messenger/client/node_modules/@babel/parser/lib/index.js:6871:32)
    at TypeScriptParserMixin.jsxParseElement (/home/john/vscode_projects/messenger/client/node_modules/@babel/parser/lib/index.js:6922:17)
    at TypeScriptParserMixin.parseExprAtom (/home/john/vscode_projects/messenger/client/node_modules/@babel/parser/lib/index.js:6932:19)
    at TypeScriptParserMixin.parseExprSubscripts (/home/john/vscode_projects/messenger/client/node_modules/@babel/parser/lib/index.js:10758:23)
    at TypeScriptParserMixin.parseUpdate (/home/john/vscode_projects/messenger/client/node_modules/@babel/parser/lib/index.js:10743:21)
    at TypeScriptParserMixin.parseMaybeUnary (/home/john/vscode_projects/messenger/client/node_modules/@babel/parser/lib/index.js:10723:23)
    at TypeScriptParserMixin.parseMaybeUnary (/home/john/vscode_projects/messenger/client/node_modules/@babel/parser/lib/index.js:9672:18)
    at TypeScriptParserMixin.parseMaybeUnaryOrPrivate (/home/john/vscode_projects/messenger/client/node_modules/@babel/parser/lib/index.js:10576:61)
    at TypeScriptParserMixin.parseExprOps (/home/john/vscode_projects/messenger/client/node_modules/@babel/parser/lib/index.js:10581:23)
    at TypeScriptParserMixin.parseMaybeConditional (/home/john/vscode_projects/messenger/client/node_modules/@babel/parser/lib/index.js:10558:23)
    at TypeScriptParserMixin.parseMaybeAssign (/home/john/vscode_projects/messenger/client/node_modules/@babel/parser/lib/index.js:10521:21)
    at /home/john/vscode_projects/messenger/client/node_modules/@babel/parser/lib/index.js:9610:39
    at TypeScriptParserMixin.tryParse (/home/john/vscode_projects/messenger/client/node_modules/@babel/parser/lib/index.js:3665:20)
    at TypeScriptParserMixin.parseMaybeAssign (/home/john/vscode_projects/messenger/client/node_modules/@babel/parser/lib/index.js:9610:18)
    at /home/john/vscode_projects/messenger/client/node_modules/@babel/parser/lib/index.js:10491:39
    at TypeScriptParserMixin.allowInAnd (/home/john/vscode_projects/messenger/client/node_modules/@babel/parser/lib/index.js:12100:12)
    at TypeScriptParserMixin.parseMaybeAssignAllowIn (/home/john/vscode_projects/messenger/client/node_modules/@babel/parser/lib/index.js:10491:17)
    at TypeScriptParserMixin.parseParenAndDistinguishExpression (/home/john/vscode_projects/messenger/client/node_modules/@babel/parser/lib/index.js:11359:28)
    at TypeScriptParserMixin.parseExprAtom (/home/john/vscode_projects/messenger/client/node_modules/@babel/parser/lib/index.js:11006:23)
    at TypeScriptParserMixin.parseExprAtom (/home/john/vscode_projects/messenger/client/node_modules/@babel/parser/lib/index.js:6937:20)
    at TypeScriptParserMixin.parseExprSubscripts (/home/john/vscode_projects/messenger/client/node_modules/@babel/parser/lib/index.js:10758:23)
    at TypeScriptParserMixin.parseUpdate (/home/john/vscode_projects/messenger/client/node_modules/@babel/parser/lib/index.js:10743:21)
    at TypeScriptParserMixin.parseMaybeUnary (/home/john/vscode_projects/messenger/client/node_modules/@babel/parser/lib/index.js:10723:23)

ERROR in [eslint] 
src/App.tsx
  Line 352:21:  Parsing error: ',' expected

webpack compiled with 2 errors
Files successfully emitted, waiting for typecheck results...
Issues checking in progress...
ERROR in src/App.tsx:347:11
TS2657: JSX expressions must have one parent element.
    345 |         </div>
    346 |         {selectedChatId && (
  > 347 |           <div className="p-2 d-flex align-items-center mt-1">
        |           ^^^^^^^^^^^^^^^^^^^^^^^^^^^^^^^^^^^^^^^^^^^^^^^^^^^^
  > 348 |             <div 
        | ^^^^^^^^^^^^^^^^^
  > 349 |               className="rounded-circle me-2 d-flex align-items-center justify-content-center"
        | ^^^^^^^^^^^^^^^^^
  > 350 |               style={{ 
        | ^^^^^^^^^^^^^^^^^
  > 351 |                 justifyContent:
        | ^^^^^^^^^^^^^^^^^
  > 352 |                 width: '32px', 
        | ^^^^^^^^^^^^^^^^^
  > 353 |                 height: '32px', 
        | ^^^^^^^^^^^^^^^^^
  > 354 |                 background: isDarkTheme ? '#6c757d' : '#e9ecef',
        | ^^^^^^^^^^^^^^^^^
  > 355 |                 color: isDarkTheme ? '#fff' : '#212529'
        | ^^^^^^^^^^^^^^^^^
  > 356 |               }}
        | ^^^^^^^^^^^^^^^^^
  > 357 |             >
        | ^^^^^^^^^^^^^^^^^
  > 358 |               {selectedContact?.email.charAt(0).toUpperCase() || '?'}
        | ^^^^^^^^^^^^^^^^^
  > 359 |             </div>
        | ^^^^^^^^^^^^^^^^^
  > 360 |             <h6 className="m-0">{selectedContact?.email || 'Loading...'}</h6>
        | ^^^^^^^^^^^^^^^^^^^^^^^^^^^^^^^^^^^^^^^^^^^^^^^^^^^^^^^^^^^^^^^^^^^^^^^^^^^^^^
    361 |           </div>
    362 |         )}
    363 |       </div>

ERROR in src/App.tsx:352:17
TS2304: Cannot find name 'width'.
    350 |               style={{ 
    351 |                 justifyContent:
  > 352 |                 width: '32px', 
        |                 ^^^^^
    353 |                 height: '32px', 
    354 |                 background: isDarkTheme ? '#6c757d' : '#e9ecef',
    355 |                 color: isDarkTheme ? '#fff' : '#212529'

ERROR in src/App.tsx:352:22
TS1005: ',' expected.
    350 |               style={{ 
    351 |                 justifyContent:
  > 352 |                 width: '32px', 
        |                      ^
    353 |                 height: '32px', 
    354 |                 background: isDarkTheme ? '#6c757d' : '#e9ecef',
    355 |                 color: isDarkTheme ? '#fff' : '#212529'

ERROR in src/App.tsx:356:15
TS1381: Unexpected token. Did you mean `{'}'}` or `&rbrace;`?
    354 |                 background: isDarkTheme ? '#6c757d' : '#e9ecef',
    355 |                 color: isDarkTheme ? '#fff' : '#212529'
  > 356 |               }}
        |               ^
    357 |             >
    358 |               {selectedContact?.email.charAt(0).toUpperCase() || '?'}
    359 |             </div>

ERROR in src/App.tsx:356:16
TS1381: Unexpected token. Did you mean `{'}'}` or `&rbrace;`?
    354 |                 background: isDarkTheme ? '#6c757d' : '#e9ecef',
    355 |                 color: isDarkTheme ? '#fff' : '#212529'
  > 356 |               }}
        |                ^
    357 |             >
    358 |               {selectedContact?.email.charAt(0).toUpperCase() || '?'}
    359 |             </div>

ERROR in src/App.tsx:357:13
TS1382: Unexpected token. Did you mean `{'>'}` or `&gt;`?
    355 |                 color: isDarkTheme ? '#fff' : '#212529'
    356 |               }}
  > 357 |             >
        |             ^
    358 |               {selectedContact?.email.charAt(0).toUpperCase() || '?'}
    359 |             </div>
    360 |             <h6 className="m-0">{selectedContact?.email || 'Loading...'}</h6>

ERROR in src/App.tsx:361:11
TS1005: ')' expected.
    359 |             </div>
    360 |             <h6 className="m-0">{selectedContact?.email || 'Loading...'}</h6>
  > 361 |           </div>
        |           ^^
    362 |         )}
    363 |       </div>
    364 |

ERROR in src/App.tsx:362:10
TS1381: Unexpected token. Did you mean `{'}'}` or `&rbrace;`?
    360 |             <h6 className="m-0">{selectedContact?.email || 'Loading...'}</h6>
    361 |           </div>
  > 362 |         )}
        |          ^
    363 |       </div>
    364 |
    365 |       {isSearchOpen && (

ERROR in src/App.tsx:365:7
TS1005: ')' expected.
    363 |       </div>
    364 |
  > 365 |       {isSearchOpen && (
        |       ^
    366 |         <div
    367 |           style={{
    368 |             position: 'fixed',

ERROR in src/App.tsx:491:5
TS1128: Declaration or statement expected.
    489 |         </div>
    490 |       )}
  > 491 |     </div>
        |     ^^
    492 |   );
    493 | };
    494 |

ERROR in src/App.tsx:491:7
TS2304: Cannot find name 'div'.
    489 |         </div>
    490 |       )}
  > 491 |     </div>
        |       ^^^
    492 |   );
    493 | };
    494 |

ERROR in src/App.tsx:492:3
TS1109: Expression expected.
    490 |       )}
    491 |     </div>
  > 492 |   );
        |   ^
    493 | };
    494 |
    495 | export default App;

ERROR in src/App.tsx:493:1
TS1128: Declaration or statement expected.
    491 |     </div>
    492 |   );
  > 493 | };
        | ^
    494 |
    495 | export default App;

Compiling...
Failed to compile.

[eslint] 
src/App.tsx
Syntax error: ',' expected (352:16)
ERROR in ./src/App.tsx
Module build failed (from ./node_modules/babel-loader/lib/index.js):
SyntaxError: /home/john/vscode_projects/messenger/client/src/App.tsx: Unexpected token, expected "," (352:16)

  350 |               style={{ 
  351 |                 justifyContent: ""
> 352 |                 width: '32px', 
      |                 ^
  353 |                 height: '32px', 
  354 |                 background: isDarkTheme ? '#6c757d' : '#e9ecef',
  355 |                 color: isDarkTheme ? '#fff' : '#212529'
    at constructor (/home/john/vscode_projects/messenger/client/node_modules/@babel/parser/lib/index.js:360:19)
    at TypeScriptParserMixin.raise (/home/john/vscode_projects/messenger/client/node_modules/@babel/parser/lib/index.js:3327:19)
    at TypeScriptParserMixin.unexpected (/home/john/vscode_projects/messenger/client/node_modules/@babel/parser/lib/index.js:3347:16)
    at TypeScriptParserMixin.expect (/home/john/vscode_projects/messenger/client/node_modules/@babel/parser/lib/index.js:3657:12)
    at TypeScriptParserMixin.parseObjectLike (/home/john/vscode_projects/messenger/client/node_modules/@babel/parser/lib/index.js:11506:14)
    at TypeScriptParserMixin.parseExprAtom (/home/john/vscode_projects/messenger/client/node_modules/@babel/parser/lib/index.js:11024:23)
    at TypeScriptParserMixin.parseExprAtom (/home/john/vscode_projects/messenger/client/node_modules/@babel/parser/lib/index.js:6937:20)
    at TypeScriptParserMixin.parseExprSubscripts (/home/john/vscode_projects/messenger/client/node_modules/@babel/parser/lib/index.js:10758:23)
    at TypeScriptParserMixin.parseUpdate (/home/john/vscode_projects/messenger/client/node_modules/@babel/parser/lib/index.js:10743:21)
    at TypeScriptParserMixin.parseMaybeUnary (/home/john/vscode_projects/messenger/client/node_modules/@babel/parser/lib/index.js:10723:23)
    at TypeScriptParserMixin.parseMaybeUnary (/home/john/vscode_projects/messenger/client/node_modules/@babel/parser/lib/index.js:9672:18)
    at TypeScriptParserMixin.parseMaybeUnaryOrPrivate (/home/john/vscode_projects/messenger/client/node_modules/@babel/parser/lib/index.js:10576:61)
    at TypeScriptParserMixin.parseExprOps (/home/john/vscode_projects/messenger/client/node_modules/@babel/parser/lib/index.js:10581:23)
    at TypeScriptParserMixin.parseMaybeConditional (/home/john/vscode_projects/messenger/client/node_modules/@babel/parser/lib/index.js:10558:23)
    at TypeScriptParserMixin.parseMaybeAssign (/home/john/vscode_projects/messenger/client/node_modules/@babel/parser/lib/index.js:10521:21)
    at TypeScriptParserMixin.parseMaybeAssign (/home/john/vscode_projects/messenger/client/node_modules/@babel/parser/lib/index.js:9621:20)
    at TypeScriptParserMixin.parseExpressionBase (/home/john/vscode_projects/messenger/client/node_modules/@babel/parser/lib/index.js:10475:23)
    at /home/john/vscode_projects/messenger/client/node_modules/@babel/parser/lib/index.js:10471:39
    at TypeScriptParserMixin.allowInAnd (/home/john/vscode_projects/messenger/client/node_modules/@babel/parser/lib/index.js:12100:12)
    at TypeScriptParserMixin.parseExpression (/home/john/vscode_projects/messenger/client/node_modules/@babel/parser/lib/index.js:10471:17)
    at TypeScriptParserMixin.jsxParseExpressionContainer (/home/john/vscode_projects/messenger/client/node_modules/@babel/parser/lib/index.js:6805:31)
    at TypeScriptParserMixin.jsxParseAttributeValue (/home/john/vscode_projects/messenger/client/node_modules/@babel/parser/lib/index.js:6777:21)
    at TypeScriptParserMixin.jsxParseAttribute (/home/john/vscode_projects/messenger/client/node_modules/@babel/parser/lib/index.js:6826:38)
    at TypeScriptParserMixin.jsxParseOpeningElementAfterName (/home/john/vscode_projects/messenger/client/node_modules/@babel/parser/lib/index.js:6840:28)
    at TypeScriptParserMixin.jsxParseOpeningElementAfterName (/home/john/vscode_projects/messenger/client/node_modules/@babel/parser/lib/index.js:9885:18)
    at TypeScriptParserMixin.jsxParseOpeningElementAt (/home/john/vscode_projects/messenger/client/node_modules/@babel/parser/lib/index.js:6835:17)
    at TypeScriptParserMixin.jsxParseElementAt (/home/john/vscode_projects/messenger/client/node_modules/@babel/parser/lib/index.js:6859:33)
    at TypeScriptParserMixin.jsxParseElementAt (/home/john/vscode_projects/messenger/client/node_modules/@babel/parser/lib/index.js:6871:32)
    at TypeScriptParserMixin.jsxParseElement (/home/john/vscode_projects/messenger/client/node_modules/@babel/parser/lib/index.js:6922:17)
    at TypeScriptParserMixin.parseExprAtom (/home/john/vscode_projects/messenger/client/node_modules/@babel/parser/lib/index.js:6932:19)
    at TypeScriptParserMixin.parseExprSubscripts (/home/john/vscode_projects/messenger/client/node_modules/@babel/parser/lib/index.js:10758:23)
    at TypeScriptParserMixin.parseUpdate (/home/john/vscode_projects/messenger/client/node_modules/@babel/parser/lib/index.js:10743:21)
    at TypeScriptParserMixin.parseMaybeUnary (/home/john/vscode_projects/messenger/client/node_modules/@babel/parser/lib/index.js:10723:23)
    at TypeScriptParserMixin.parseMaybeUnary (/home/john/vscode_projects/messenger/client/node_modules/@babel/parser/lib/index.js:9672:18)
    at TypeScriptParserMixin.parseMaybeUnaryOrPrivate (/home/john/vscode_projects/messenger/client/node_modules/@babel/parser/lib/index.js:10576:61)
    at TypeScriptParserMixin.parseExprOps (/home/john/vscode_projects/messenger/client/node_modules/@babel/parser/lib/index.js:10581:23)
    at TypeScriptParserMixin.parseMaybeConditional (/home/john/vscode_projects/messenger/client/node_modules/@babel/parser/lib/index.js:10558:23)
    at TypeScriptParserMixin.parseMaybeAssign (/home/john/vscode_projects/messenger/client/node_modules/@babel/parser/lib/index.js:10521:21)
    at /home/john/vscode_projects/messenger/client/node_modules/@babel/parser/lib/index.js:9610:39
    at TypeScriptParserMixin.tryParse (/home/john/vscode_projects/messenger/client/node_modules/@babel/parser/lib/index.js:3665:20)
    at TypeScriptParserMixin.parseMaybeAssign (/home/john/vscode_projects/messenger/client/node_modules/@babel/parser/lib/index.js:9610:18)
    at /home/john/vscode_projects/messenger/client/node_modules/@babel/parser/lib/index.js:10491:39
    at TypeScriptParserMixin.allowInAnd (/home/john/vscode_projects/messenger/client/node_modules/@babel/parser/lib/index.js:12100:12)
    at TypeScriptParserMixin.parseMaybeAssignAllowIn (/home/john/vscode_projects/messenger/client/node_modules/@babel/parser/lib/index.js:10491:17)
    at TypeScriptParserMixin.parseParenAndDistinguishExpression (/home/john/vscode_projects/messenger/client/node_modules/@babel/parser/lib/index.js:11359:28)
    at TypeScriptParserMixin.parseExprAtom (/home/john/vscode_projects/messenger/client/node_modules/@babel/parser/lib/index.js:11006:23)
    at TypeScriptParserMixin.parseExprAtom (/home/john/vscode_projects/messenger/client/node_modules/@babel/parser/lib/index.js:6937:20)
    at TypeScriptParserMixin.parseExprSubscripts (/home/john/vscode_projects/messenger/client/node_modules/@babel/parser/lib/index.js:10758:23)
    at TypeScriptParserMixin.parseUpdate (/home/john/vscode_projects/messenger/client/node_modules/@babel/parser/lib/index.js:10743:21)
    at TypeScriptParserMixin.parseMaybeUnary (/home/john/vscode_projects/messenger/client/node_modules/@babel/parser/lib/index.js:10723:23)

ERROR in [eslint] 
src/App.tsx
  Line 352:16:  Parsing error: ',' expected

webpack compiled with 2 errors
Files successfully emitted, waiting for typecheck results...
Issues checking in progress...
ERROR in src/App.tsx:352:17
TS1005: ',' expected.
    350 |               style={{ 
    351 |                 justifyContent: ""
  > 352 |                 width: '32px', 
        |                 ^^^^^
    353 |                 height: '32px', 
    354 |                 background: isDarkTheme ? '#6c757d' : '#e9ecef',
    355 |                 color: isDarkTheme ? '#fff' : '#212529'

Compiling...
Failed to compile.

[eslint] 
src/App.tsx
Syntax error: ',' expected (352:16)
ERROR in ./src/App.tsx
Module build failed (from ./node_modules/babel-loader/lib/index.js):
SyntaxError: /home/john/vscode_projects/messenger/client/src/App.tsx: Unexpected token, expected "," (352:16)

  350 |               style={{ 
  351 |                 justifyContent: "center"
> 352 |                 width: '32px', 
      |                 ^
  353 |                 height: '32px', 
  354 |                 background: isDarkTheme ? '#6c757d' : '#e9ecef',
  355 |                 color: isDarkTheme ? '#fff' : '#212529'
    at constructor (/home/john/vscode_projects/messenger/client/node_modules/@babel/parser/lib/index.js:360:19)
    at TypeScriptParserMixin.raise (/home/john/vscode_projects/messenger/client/node_modules/@babel/parser/lib/index.js:3327:19)
    at TypeScriptParserMixin.unexpected (/home/john/vscode_projects/messenger/client/node_modules/@babel/parser/lib/index.js:3347:16)
    at TypeScriptParserMixin.expect (/home/john/vscode_projects/messenger/client/node_modules/@babel/parser/lib/index.js:3657:12)
    at TypeScriptParserMixin.parseObjectLike (/home/john/vscode_projects/messenger/client/node_modules/@babel/parser/lib/index.js:11506:14)
    at TypeScriptParserMixin.parseExprAtom (/home/john/vscode_projects/messenger/client/node_modules/@babel/parser/lib/index.js:11024:23)
    at TypeScriptParserMixin.parseExprAtom (/home/john/vscode_projects/messenger/client/node_modules/@babel/parser/lib/index.js:6937:20)
    at TypeScriptParserMixin.parseExprSubscripts (/home/john/vscode_projects/messenger/client/node_modules/@babel/parser/lib/index.js:10758:23)
    at TypeScriptParserMixin.parseUpdate (/home/john/vscode_projects/messenger/client/node_modules/@babel/parser/lib/index.js:10743:21)
    at TypeScriptParserMixin.parseMaybeUnary (/home/john/vscode_projects/messenger/client/node_modules/@babel/parser/lib/index.js:10723:23)
    at TypeScriptParserMixin.parseMaybeUnary (/home/john/vscode_projects/messenger/client/node_modules/@babel/parser/lib/index.js:9672:18)
    at TypeScriptParserMixin.parseMaybeUnaryOrPrivate (/home/john/vscode_projects/messenger/client/node_modules/@babel/parser/lib/index.js:10576:61)
    at TypeScriptParserMixin.parseExprOps (/home/john/vscode_projects/messenger/client/node_modules/@babel/parser/lib/index.js:10581:23)
    at TypeScriptParserMixin.parseMaybeConditional (/home/john/vscode_projects/messenger/client/node_modules/@babel/parser/lib/index.js:10558:23)
    at TypeScriptParserMixin.parseMaybeAssign (/home/john/vscode_projects/messenger/client/node_modules/@babel/parser/lib/index.js:10521:21)
    at TypeScriptParserMixin.parseMaybeAssign (/home/john/vscode_projects/messenger/client/node_modules/@babel/parser/lib/index.js:9621:20)
    at TypeScriptParserMixin.parseExpressionBase (/home/john/vscode_projects/messenger/client/node_modules/@babel/parser/lib/index.js:10475:23)
    at /home/john/vscode_projects/messenger/client/node_modules/@babel/parser/lib/index.js:10471:39
    at TypeScriptParserMixin.allowInAnd (/home/john/vscode_projects/messenger/client/node_modules/@babel/parser/lib/index.js:12100:12)
    at TypeScriptParserMixin.parseExpression (/home/john/vscode_projects/messenger/client/node_modules/@babel/parser/lib/index.js:10471:17)
    at TypeScriptParserMixin.jsxParseExpressionContainer (/home/john/vscode_projects/messenger/client/node_modules/@babel/parser/lib/index.js:6805:31)
    at TypeScriptParserMixin.jsxParseAttributeValue (/home/john/vscode_projects/messenger/client/node_modules/@babel/parser/lib/index.js:6777:21)
    at TypeScriptParserMixin.jsxParseAttribute (/home/john/vscode_projects/messenger/client/node_modules/@babel/parser/lib/index.js:6826:38)
    at TypeScriptParserMixin.jsxParseOpeningElementAfterName (/home/john/vscode_projects/messenger/client/node_modules/@babel/parser/lib/index.js:6840:28)
    at TypeScriptParserMixin.jsxParseOpeningElementAfterName (/home/john/vscode_projects/messenger/client/node_modules/@babel/parser/lib/index.js:9885:18)
    at TypeScriptParserMixin.jsxParseOpeningElementAt (/home/john/vscode_projects/messenger/client/node_modules/@babel/parser/lib/index.js:6835:17)
    at TypeScriptParserMixin.jsxParseElementAt (/home/john/vscode_projects/messenger/client/node_modules/@babel/parser/lib/index.js:6859:33)
    at TypeScriptParserMixin.jsxParseElementAt (/home/john/vscode_projects/messenger/client/node_modules/@babel/parser/lib/index.js:6871:32)
    at TypeScriptParserMixin.jsxParseElement (/home/john/vscode_projects/messenger/client/node_modules/@babel/parser/lib/index.js:6922:17)
    at TypeScriptParserMixin.parseExprAtom (/home/john/vscode_projects/messenger/client/node_modules/@babel/parser/lib/index.js:6932:19)
    at TypeScriptParserMixin.parseExprSubscripts (/home/john/vscode_projects/messenger/client/node_modules/@babel/parser/lib/index.js:10758:23)
    at TypeScriptParserMixin.parseUpdate (/home/john/vscode_projects/messenger/client/node_modules/@babel/parser/lib/index.js:10743:21)
    at TypeScriptParserMixin.parseMaybeUnary (/home/john/vscode_projects/messenger/client/node_modules/@babel/parser/lib/index.js:10723:23)
    at TypeScriptParserMixin.parseMaybeUnary (/home/john/vscode_projects/messenger/client/node_modules/@babel/parser/lib/index.js:9672:18)
    at TypeScriptParserMixin.parseMaybeUnaryOrPrivate (/home/john/vscode_projects/messenger/client/node_modules/@babel/parser/lib/index.js:10576:61)
    at TypeScriptParserMixin.parseExprOps (/home/john/vscode_projects/messenger/client/node_modules/@babel/parser/lib/index.js:10581:23)
    at TypeScriptParserMixin.parseMaybeConditional (/home/john/vscode_projects/messenger/client/node_modules/@babel/parser/lib/index.js:10558:23)
    at TypeScriptParserMixin.parseMaybeAssign (/home/john/vscode_projects/messenger/client/node_modules/@babel/parser/lib/index.js:10521:21)
    at /home/john/vscode_projects/messenger/client/node_modules/@babel/parser/lib/index.js:9610:39
    at TypeScriptParserMixin.tryParse (/home/john/vscode_projects/messenger/client/node_modules/@babel/parser/lib/index.js:3665:20)
    at TypeScriptParserMixin.parseMaybeAssign (/home/john/vscode_projects/messenger/client/node_modules/@babel/parser/lib/index.js:9610:18)
    at /home/john/vscode_projects/messenger/client/node_modules/@babel/parser/lib/index.js:10491:39
    at TypeScriptParserMixin.allowInAnd (/home/john/vscode_projects/messenger/client/node_modules/@babel/parser/lib/index.js:12100:12)
    at TypeScriptParserMixin.parseMaybeAssignAllowIn (/home/john/vscode_projects/messenger/client/node_modules/@babel/parser/lib/index.js:10491:17)
    at TypeScriptParserMixin.parseParenAndDistinguishExpression (/home/john/vscode_projects/messenger/client/node_modules/@babel/parser/lib/index.js:11359:28)
    at TypeScriptParserMixin.parseExprAtom (/home/john/vscode_projects/messenger/client/node_modules/@babel/parser/lib/index.js:11006:23)
    at TypeScriptParserMixin.parseExprAtom (/home/john/vscode_projects/messenger/client/node_modules/@babel/parser/lib/index.js:6937:20)
    at TypeScriptParserMixin.parseExprSubscripts (/home/john/vscode_projects/messenger/client/node_modules/@babel/parser/lib/index.js:10758:23)
    at TypeScriptParserMixin.parseUpdate (/home/john/vscode_projects/messenger/client/node_modules/@babel/parser/lib/index.js:10743:21)
    at TypeScriptParserMixin.parseMaybeUnary (/home/john/vscode_projects/messenger/client/node_modules/@babel/parser/lib/index.js:10723:23)

ERROR in [eslint] 
src/App.tsx
  Line 352:16:  Parsing error: ',' expected

webpack compiled with 2 errors
Files successfully emitted, waiting for typecheck results...
Issues checking in progress...
ERROR in src/App.tsx:352:17
TS1005: ',' expected.
    350 |               style={{ 
    351 |                 justifyContent: "center"
  > 352 |                 width: '32px', 
        |                 ^^^^^
    353 |                 height: '32px', 
    354 |                 background: isDarkTheme ? '#6c757d' : '#e9ecef',
    355 |                 color: isDarkTheme ? '#fff' : '#212529'

Compiling...
Compiled successfully!
webpack compiled successfully
No issues found.
Compiling...
Compiled successfully!
webpack compiled successfully
Files successfully emitted, waiting for typecheck results...
Issues checking in progress...
ERROR in src/App.test.tsx:3:17
TS2306: File '/home/john/vscode_projects/messenger/client/src/App.tsx' is not a module.
    1 | import React from 'react';
    2 | import { render, screen } from '@testing-library/react';
  > 3 | import App from './App';
      |                 ^^^^^^^
    4 |
    5 | test('renders learn react link', () => {
    6 |   render(<App />);

ERROR in src/App.tsx
TS1208: 'App.tsx' cannot be compiled under '--isolatedModules' because it is considered a global script file. Add an import, export, or an empty 'export {}' statement to make it a module.

ERROR in src/index.tsx:4:17
TS2306: File '/home/john/vscode_projects/messenger/client/src/App.tsx' is not a module.
    2 | import ReactDOM from 'react-dom/client';
    3 | import './index.css';
  > 4 | import App from './App';
      |                 ^^^^^^^
    5 | import reportWebVitals from './reportWebVitals';
    6 |
    7 | const root = ReactDOM.createRoot(

Compiling...
Compiled successfully!
webpack compiled successfully
Files successfully emitted, waiting for typecheck results...
Issues checking in progress...
No issues found.
Compiling...
Compiled successfully!
webpack compiled successfully
No issues found.
Compiling...
Compiled successfully!
webpack compiled successfully
No issues found.
Compiling...
Compiled successfully!
webpack compiled successfully
No issues found.
Compiling...
Compiled successfully!
webpack compiled successfully
No issues found.
Compiling...
Compiled successfully!
webpack compiled successfully
No issues found.
Compiling...
Compiled successfully!
webpack compiled successfully
No issues found.
Compiling...
Compiled successfully!
webpack compiled successfully
No issues found.
Compiling...
Compiled successfully!
webpack compiled successfully
No issues found.
Compiling...
Compiled successfully!
webpack compiled successfully
No issues found.
Compiling...
Compiled successfully!
webpack compiled successfully
No issues found.
