Server running on https://100.64.221.88:4000
Connected to SQLite database
New Socket.IO connection for user: 256, total users: 1
User disconnected: 256, remaining users: 0
New Socket.IO connection for user: 256, total users: 1
User disconnected: 256, remaining users: 0
New Socket.IO connection for user: 256, total users: 1
User disconnected: 256, remaining users: 0
New Socket.IO connection for user: 256, total users: 1
User disconnected: 256, remaining users: 0
New Socket.IO connection for user: 256, total users: 1
User disconnected: 256, remaining users: 0
New Socket.IO connection for user: 226, total users: 1
User disconnected: 226, remaining users: 0
New Socket.IO connection for user: 260, total users: 1
User disconnected: 260, remaining users: 0
New Socket.IO connection for user: 260, total users: 1
User disconnected: 260, remaining users: 0
New Socket.IO connection for user: 260, total users: 1
Message 1742603011387-pkb4y temporarily stored for offline user 19
User disconnected: 260, remaining users: 0
New Socket.IO connection for user: 260, total users: 1
Message 1742603055372-lejz2 temporarily stored for offline user 19
Message 1742603062720-3bkr7 temporarily stored for offline user 19
Message 1742603071235-f0vtc temporarily stored for offline user 19
User disconnected: 260, remaining users: 0
New Socket.IO connection for user: 260, total users: 1
User disconnected: 260, remaining users: 0
New Socket.IO connection for user: 260, total users: 1
User disconnected: 260, remaining users: 0
New Socket.IO connection for user: 260, total users: 1
User disconnected: 260, remaining users: 0
New Socket.IO connection for user: 260, total users: 1
User disconnected: 260, remaining users: 0
New Socket.IO connection for user: 260, total users: 1
User disconnected: 260, remaining users: 0
New Socket.IO connection for user: 260, total users: 1
User disconnected: 260, remaining users: 0
New Socket.IO connection for user: 260, total users: 1
User disconnected: 260, remaining users: 0
New Socket.IO connection for user: 260, total users: 1
Message 1742603628651-jagjx temporarily stored for offline user 19
User disconnected: 260, remaining users: 0
New Socket.IO connection for user: 260, total users: 1
Message 1742603820662-fy2v9 temporarily stored for offline user 19
Message 1742603823166-s1wqa temporarily stored for offline user 19
Message 1742603826216-rqfbg temporarily stored for offline user 19
User disconnected: 260, remaining users: 0
New Socket.IO connection for user: 260, total users: 1
User disconnected: 260, remaining users: 0
New Socket.IO connection for user: 260, total users: 1
Message 1742604034374-drkz8 temporarily stored for offline user 19
Message 1742604048164-nwrys temporarily stored for offline user 105
User disconnected: 260, remaining users: 0
New Socket.IO connection for user: 260, total users: 1
User disconnected: 260, remaining users: 0
New Socket.IO connection for user: 260, total users: 1
User disconnected: 260, remaining users: 0
New Socket.IO connection for user: 260, total users: 1
User disconnected: 260, remaining users: 0
New Socket.IO connection for user: 226, total users: 1
User disconnected: 226, remaining users: 0
New Socket.IO connection for user: 226, total users: 1
User disconnected: 226, remaining users: 0
New Socket.IO connection for user: 226, total users: 1
User disconnected: 226, remaining users: 0
New Socket.IO connection for user: 226, total users: 1
User disconnected: 226, remaining users: 0
New Socket.IO connection for user: 226, total users: 1
User disconnected: 226, remaining users: 0
